<?xml version="1.0" encoding="UTF-8"?>
<!-- Generated by org.testng.reporters.JUnitReportReporter -->
<testsuite hostname="Sanjeve" failures="0" tests="1" name="test.Correctcred" time="1.548" errors="0" timestamp="2024-09-20T09:22:06 IST" skipped="0">
  <testcase classname="test.Correctcred" name="testCorrectCredentials" time="1.548"/>
</testsuite> <!-- test.Correctcred -->
