<?xml version="1.0" encoding="UTF-8"?>
<!-- Generated by org.testng.reporters.JUnitReportReporter -->
<testsuite hostname="Sanjeve" failures="0" tests="1" name="test.Swag_wrngcred1" time="1.449" errors="0" timestamp="2024-09-20T09:22:06 IST" skipped="0">
  <testcase classname="test.Swag_wrngcred1" name="testWrongCredentials" time="1.449"/>
</testsuite> <!-- test.Swag_wrngcred1 -->
