<?xml version="1.0" encoding="UTF-8"?>
<!-- Generated by org.testng.reporters.JUnitReportReporter -->
<testsuite hostname="Sanjeve" failures="0" tests="1" name="test.Remove_iteamfromcart" time="1.135" errors="0" timestamp="2024-09-20T09:22:06 IST" skipped="0">
  <testcase classname="test.Remove_iteamfromcart" name="removeiteam" time="1.135"/>
</testsuite> <!-- test.Remove_iteamfromcart -->
