<?xml version="1.0" encoding="UTF-8"?>
<!-- Generated by org.testng.reporters.JUnitReportReporter -->
<testsuite hostname="Sanjeve" failures="0" tests="1" name="test.Addtocart" time="0.628" errors="0" timestamp="2024-09-10T22:02:38 IST" skipped="0">
  <testcase classname="test.Addtocart" name="test5" time="0.628"/>
</testsuite> <!-- test.Addtocart -->
