<?xml version="1.0" encoding="UTF-8"?>
<!-- Generated by org.testng.reporters.JUnitReportReporter -->
<testsuite hostname="Sanjeve" failures="0" tests="1" name="test.wrongcred2" time="1.349" errors="0" timestamp="2024-09-20T09:22:06 IST" skipped="0">
  <testcase classname="test.wrongcred2" name="testCorrectUserWrongPassword" time="1.349"/>
</testsuite> <!-- test.wrongcred2 -->
