<?xml version="1.0" encoding="UTF-8"?>
<!-- Generated by org.testng.reporters.JUnitReportReporter -->
<testsuite hostname="Sanjeve" failures="0" tests="1" name="test.Logout$Checkout" time="0.778" errors="0" timestamp="2024-09-20T10:25:35 IST" skipped="0">
  <testcase classname="test.Logout$Checkout" name="logout" time="0.778"/>
</testsuite> <!-- test.Logout$Checkout -->
