<?xml version="1.0" encoding="UTF-8"?>
<!-- Generated by org.testng.reporters.JUnitReportReporter -->
<testsuite hostname="Sanjeve" failures="0" tests="2" name="test.Filter_option$Correctcred" time="1.910" errors="0" timestamp="2024-09-20T09:22:06 IST" skipped="0">
  <testcase classname="test.Filter_option$Correctcred" name="CorrectCredentials" time="0.829"/>
  <testcase classname="test.Filter_option$Correctcred" name="filteroption" time="1.081"/>
</testsuite> <!-- test.Filter_option$Correctcred -->
